  2.c
  3.c
/3.c(1,1): error C1083: 소스 파일을 열 수 없습니다. '3.c': No such file or directory
  lab.c
C:\MyWorkSpace\C\(6,17): error C2065: 'calander': 선언되지 않은 식별자입니다.
C:\MyWorkSpace\C\(6,26): error C2224: '.month' 왼쪽에는 구조체/공용 구조체 형식이 있어야 합니다.
C:\MyWorkSpace\C\(6,11): warning C4473: 'scanf_s': 서식 문자열에 대한 인수가 충분하게 전달되지 않았습니다.
C:\MyWorkSpace\C\(7,18): error C2065: 'calander': 선언되지 않은 식별자입니다.
C:\MyWorkSpace\C\(7,27): error C2224: '.day' 왼쪽에는 구조체/공용 구조체 형식이 있어야 합니다.
C:\MyWorkSpace\C\(7,11): warning C4473: 'scanf_s': 서식 문자열에 대한 인수가 충분하게 전달되지 않았습니다.
C:\MyWorkSpace\C\(8,18): error C2065: 'calander': 선언되지 않은 식별자입니다.
C:\MyWorkSpace\C\(8,27): error C2224: '.year' 왼쪽에는 구조체/공용 구조체 형식이 있어야 합니다.
C:\MyWorkSpace\C\(8,11): warning C4473: 'scanf_s': 서식 문자열에 대한 인수가 충분하게 전달되지 않았습니다.
C:\MyWorkSpace\C\(9,16): error C2065: 'calander': 선언되지 않은 식별자입니다.
C:\MyWorkSpace\C\(9,25): error C2224: '.month' 왼쪽에는 구조체/공용 구조체 형식이 있어야 합니다.
C:\MyWorkSpace\C\(9,10): warning C4473: 'printf': 서식 문자열에 대한 인수가 충분하게 전달되지 않았습니다.
C:\MyWorkSpace\C\(10,16): error C2065: 'calander': 선언되지 않은 식별자입니다.
C:\MyWorkSpace\C\(10,25): error C2224: '.day' 왼쪽에는 구조체/공용 구조체 형식이 있어야 합니다.
C:\MyWorkSpace\C\(10,10): warning C4473: 'printf': 서식 문자열에 대한 인수가 충분하게 전달되지 않았습니다.
C:\MyWorkSpace\C\(11,16): error C2065: 'calander': 선언되지 않은 식별자입니다.
C:\MyWorkSpace\C\(11,25): error C2224: '.year' 왼쪽에는 구조체/공용 구조체 형식이 있어야 합니다.
C:\MyWorkSpace\C\(11,10): warning C4473: 'printf': 서식 문자열에 대한 인수가 충분하게 전달되지 않았습니다.
  코드를 생성하고 있습니다...
